INFO 2024-01-02 21:12:15 2_Train.py: 183] Start optimization.
INFO 2024-01-02 21:12:15 2_Train.py: 184] Namespace(backbone_conf_file='config/backbone_conf.yaml', backbone_type='MobileFaceNet', batch_size=10, data_root='./train_data/ab', epoches=18, head_conf_file='config/head_conf.yaml', head_type='MagFace', log_dir='logs', lr=0.1, milestones=[10, 13, 16], momentum=0.9, out_dir='./train_data/ab', pretrain_model='mv_epoch_8.pt', print_freq=200, resume=False, save_freq=3000, step='10, 13, 16', tensorboardx_logdir='mv-hrnet', train_file='./train_data/ab/image_list.txt', writer=<tensorboardX.writer.SummaryWriter object at 0x7f14c92acc10>)
backbone param:
{'feat_dim': 512, 'out_h': 7, 'out_w': 7}
head param:
{'feat_dim': 512, 'num_class': 100, 'margin_am': 0.0, 'scale': 64, 'l_a': 10, 'u_a': 110, 'l_margin': 0.45, 'u_margin': 0.8, 'lamda': 20}
INFO 2024-01-02 21:12:17 2_Train.py: 81] Epoch 0, iter 0/3, lr 0.100000, loss 38.949932
INFO 2024-01-02 21:12:17 2_Train.py: 100] Save checkpoint Epoch_0.pt to disk...
INFO 2024-01-02 21:12:17 2_Train.py: 81] Epoch 1, iter 0/3, lr 0.100000, loss 41.961774
INFO 2024-01-02 21:12:17 2_Train.py: 100] Save checkpoint Epoch_1.pt to disk...
INFO 2024-01-02 21:12:17 2_Train.py: 81] Epoch 2, iter 0/3, lr 0.100000, loss 23.816680
INFO 2024-01-02 21:12:17 2_Train.py: 100] Save checkpoint Epoch_2.pt to disk...
INFO 2024-01-02 21:12:18 2_Train.py: 81] Epoch 3, iter 0/3, lr 0.100000, loss 29.061808
INFO 2024-01-02 21:12:18 2_Train.py: 100] Save checkpoint Epoch_3.pt to disk...
INFO 2024-01-02 21:12:18 2_Train.py: 81] Epoch 4, iter 0/3, lr 0.100000, loss 26.675819
INFO 2024-01-02 21:12:18 2_Train.py: 100] Save checkpoint Epoch_4.pt to disk...
INFO 2024-01-02 21:12:18 2_Train.py: 81] Epoch 5, iter 0/3, lr 0.100000, loss 13.157889
INFO 2024-01-02 21:12:18 2_Train.py: 100] Save checkpoint Epoch_5.pt to disk...
INFO 2024-01-02 21:12:18 2_Train.py: 81] Epoch 6, iter 0/3, lr 0.100000, loss 5.784413
INFO 2024-01-02 21:12:18 2_Train.py: 100] Save checkpoint Epoch_6.pt to disk...
INFO 2024-01-02 21:12:19 2_Train.py: 81] Epoch 7, iter 0/3, lr 0.100000, loss 1.193762
INFO 2024-01-02 21:12:19 2_Train.py: 100] Save checkpoint Epoch_7.pt to disk...
INFO 2024-01-02 21:12:19 2_Train.py: 81] Epoch 8, iter 0/3, lr 0.100000, loss 0.904926
INFO 2024-01-02 21:12:19 2_Train.py: 100] Save checkpoint Epoch_8.pt to disk...
INFO 2024-01-02 21:12:19 2_Train.py: 81] Epoch 9, iter 0/3, lr 0.100000, loss 1.017961
INFO 2024-01-02 21:12:19 2_Train.py: 100] Save checkpoint Epoch_9.pt to disk...
INFO 2024-01-02 21:12:19 2_Train.py: 81] Epoch 10, iter 0/3, lr 0.010000, loss 0.763704
INFO 2024-01-02 21:12:19 2_Train.py: 100] Save checkpoint Epoch_10.pt to disk...
INFO 2024-01-02 21:12:20 2_Train.py: 81] Epoch 11, iter 0/3, lr 0.010000, loss 0.752950
INFO 2024-01-02 21:12:20 2_Train.py: 100] Save checkpoint Epoch_11.pt to disk...
INFO 2024-01-02 21:12:20 2_Train.py: 81] Epoch 12, iter 0/3, lr 0.010000, loss 0.753948
INFO 2024-01-02 21:12:20 2_Train.py: 100] Save checkpoint Epoch_12.pt to disk...
INFO 2024-01-02 21:12:20 2_Train.py: 81] Epoch 13, iter 0/3, lr 0.001000, loss 0.754510
INFO 2024-01-02 21:12:20 2_Train.py: 100] Save checkpoint Epoch_13.pt to disk...
INFO 2024-01-02 21:12:20 2_Train.py: 81] Epoch 14, iter 0/3, lr 0.001000, loss 0.771989
INFO 2024-01-02 21:12:20 2_Train.py: 100] Save checkpoint Epoch_14.pt to disk...
INFO 2024-01-02 21:12:21 2_Train.py: 81] Epoch 15, iter 0/3, lr 0.001000, loss 0.746731
INFO 2024-01-02 21:12:21 2_Train.py: 100] Save checkpoint Epoch_15.pt to disk...
INFO 2024-01-02 21:12:21 2_Train.py: 81] Epoch 16, iter 0/3, lr 0.000100, loss 0.749240
INFO 2024-01-02 21:12:21 2_Train.py: 100] Save checkpoint Epoch_16.pt to disk...
INFO 2024-01-02 21:12:21 2_Train.py: 81] Epoch 17, iter 0/3, lr 0.000100, loss 0.749465
INFO 2024-01-02 21:12:21 2_Train.py: 100] Save checkpoint Epoch_17.pt to disk...
INFO 2024-01-02 21:12:21 2_Train.py: 186] Optimization done!
